sudo: nodo: command not found
numCPUs 1
Worker 20832
Worker 20831
Worker 20837
Worker 20842
ID 20832
[0mGET / [32m200 [0m12.714 ms - 607[0m
[0mGET /javascripts/angularApp.js [36m304 [0m3.100 ms - -[0m
ID 20832
[0mGET / [36m304 [0m2.145 ms - -[0m
[0mGET /javascripts/angularApp.js [36m304 [0m0.555 ms - -[0m
ID 20832
[0mGET / [36m304 [0m0.900 ms - -[0m
[0mGET /javascripts/angularApp.js [36m304 [0m0.289 ms - -[0m
ID 20832
[0mGET / [36m304 [0m1.374 ms - -[0m
[0mGET /javascripts/angularApp.js [36m304 [0m0.343 ms - -[0m
ID 20842
[0mGET / [32m200 [0m12.658 ms - 607[0m
[0mGET /javascripts/angularApp.js [32m200 [0m3.767 ms - 479[0m
[0mGET /favicon.ico [33m404 [0m3.575 ms - 1176[0m
ID 20842
[0mGET / [36m304 [0m1.357 ms - -[0m
[0mGET /javascripts/angularApp.js [36m304 [0m1.277 ms - -[0m
Service ID 20842
[0mGET /pid [32m200 [0m1.342 ms - 31[0m
Service ID 20842
[0mGET /pid [36m304 [0m0.568 ms - -[0m
Service ID 20842
[0mGET /pid [36m304 [0m0.387 ms - -[0m
Service ID 20842
[0mGET /pid [36m304 [0m2.174 ms - -[0m
Service ID 20842
[0mGET /pid [36m304 [0m0.387 ms - -[0m
Service ID 20842
[0mGET /pid [36m304 [0m1.794 ms - -[0m
Service ID 20842
[0mGET /pid [36m304 [0m0.405 ms - -[0m
Service ID 20842
[0mGET /pid [36m304 [0m2.701 ms - -[0m
Service ID 20842
[0mGET /pid [36m304 [0m0.730 ms - -[0m
Service ID 20842
[0mGET /pid [36m304 [0m0.704 ms - -[0m
Service ID 20842
[0mGET /pid [36m304 [0m0.554 ms - -[0m
Service ID 20842
[0mGET /pid [36m304 [0m1.114 ms - -[0m
Service ID 20842
[0mGET /pid [36m304 [0m0.850 ms - -[0m
Service ID 20842
[0mGET /pid [36m304 [0m0.627 ms - -[0m
Service ID 20842
[0mGET /pid [36m304 [0m0.831 ms - -[0m
Service ID 20842
[0mGET /pid [36m304 [0m0.869 ms - -[0m
Service ID 20842
[0mGET /pid [36m304 [0m0.655 ms - -[0m
Service ID 20842
[0mGET /pid [36m304 [0m0.487 ms - -[0m
Service ID 20842
[0mGET /pid [36m304 [0m0.427 ms - -[0m
Service ID 20842
[0mGET /pid [36m304 [0m0.964 ms - -[0m
Service ID 20842
[0mGET /pid [36m304 [0m0.784 ms - -[0m
Service ID 20842
[0mGET /pid [36m304 [0m0.879 ms - -[0m
Service ID 20842
[0mGET /pid [36m304 [0m0.851 ms - -[0m
Service ID 20842
[0mGET /pid [36m304 [0m0.425 ms - -[0m
Service ID 20842
[0mGET /pid [36m304 [0m0.408 ms - -[0m
Service ID 20842
[0mGET /pid [36m304 [0m0.421 ms - -[0m
Service ID 20842
[0mGET /pid [36m304 [0m2.329 ms - -[0m
Service ID 20842
[0mGET /pid [36m304 [0m0.691 ms - -[0m
Service ID 20842
[0mGET /pid [36m304 [0m0.430 ms - -[0m
Service ID 20842
[0mGET /pid [36m304 [0m0.428 ms - -[0m
Service ID 20842
[0mGET /pid [36m304 [0m1.246 ms - -[0m
Service ID 20842
[0mGET /pid [36m304 [0m0.420 ms - -[0m
Service ID 20842
[0mGET /pid [36m304 [0m1.721 ms - -[0m
Service ID 20842
[0mGET /pid [36m304 [0m0.689 ms - -[0m
Service ID 20842
[0mGET /pid [36m304 [0m0.374 ms - -[0m
Service ID 20842
[0mGET /pid [36m304 [0m0.780 ms - -[0m
Service ID 20842
[0mGET /pid [36m304 [0m0.402 ms - -[0m
Service ID 20842
[0mGET /pid [36m304 [0m0.413 ms - -[0m
Service ID 20842
[0mGET /pid [36m304 [0m1.054 ms - -[0m
Service ID 20842
[0mGET /pid [36m304 [0m0.405 ms - -[0m
Service ID 20842
[0mGET /pid [36m304 [0m0.639 ms - -[0m
Service ID 20842
[0mGET /pid [36m304 [0m0.384 ms - -[0m
Service ID 20842
[0mGET /pid [36m304 [0m0.428 ms - -[0m
Service ID 20842
[0mGET /pid [36m304 [0m0.419 ms - -[0m
Service ID 20842
[0mGET /pid [36m304 [0m1.190 ms - -[0m
Service ID 20842
[0mGET /pid [36m304 [0m0.371 ms - -[0m
Service ID 20842
[0mGET /pid [36m304 [0m0.367 ms - -[0m
Service ID 20842
[0mGET /pid [36m304 [0m0.387 ms - -[0m
Service ID 20842
[0mGET /pid [36m304 [0m0.367 ms - -[0m
Service ID 20842
[0mGET /pid [36m304 [0m0.381 ms - -[0m
Service ID 20842
[0mGET /pid [36m304 [0m0.423 ms - -[0m
Service ID 20842
[0mGET /pid [36m304 [0m0.400 ms - -[0m
Service ID 20842
[0mGET /pid [36m304 [0m0.421 ms - -[0m
Service ID 20842
[0mGET /pid [36m304 [0m2.331 ms - -[0m
Service ID 20842
[0mGET /pid [36m304 [0m0.436 ms - -[0m
Service ID 20842
[0mGET /pid [36m304 [0m0.384 ms - -[0m
Service ID 20842
[0mGET /pid [36m304 [0m0.376 ms - -[0m
Service ID 20842
[0mGET /pid [36m304 [0m0.409 ms - -[0m
Service ID 20842
[0mGET /pid [36m304 [0m0.369 ms - -[0m
Service ID 20842
[0mGET /pid [36m304 [0m0.945 ms - -[0m
Service ID 20842
[0mGET /pid [36m304 [0m1.494 ms - -[0m
Service ID 20842
[0mGET /pid [36m304 [0m0.431 ms - -[0m
Service ID 20842
[0mGET /pid [36m304 [0m0.423 ms - -[0m
Service ID 20842
[0mGET /pid [36m304 [0m0.763 ms - -[0m
Service ID 20842
[0mGET /pid [36m304 [0m0.355 ms - -[0m
Service ID 20842
[0mGET /pid [36m304 [0m0.394 ms - -[0m
Service ID 20842
[0mGET /pid [36m304 [0m0.441 ms - -[0m
Service ID 20842
[0mGET /pid [36m304 [0m0.393 ms - -[0m
Service ID 20842
[0mGET /pid [36m304 [0m0.421 ms - -[0m
Service ID 20842
[0mGET /pid [36m304 [0m0.405 ms - -[0m
Service ID 20842
[0mGET /pid [36m304 [0m0.399 ms - -[0m
Service ID 20842
[0mGET /pid [36m304 [0m0.408 ms - -[0m
Service ID 20842
[0mGET /pid [36m304 [0m0.389 ms - -[0m
Service ID 20842
[0mGET /pid [36m304 [0m0.441 ms - -[0m
Service ID 20842
[0mGET /pid [36m304 [0m0.405 ms - -[0m
Service ID 20842
[0mGET /pid [36m304 [0m0.395 ms - -[0m
Service ID 20842
[0mGET /pid [36m304 [0m0.385 ms - -[0m
Service ID 20842
[0mGET /pid [36m304 [0m0.443 ms - -[0m
Service ID 20842
[0mGET /pid [36m304 [0m0.440 ms - -[0m
Service ID 20842
[0mGET /pid [36m304 [0m0.812 ms - -[0m
Service ID 20842
[0mGET /pid [36m304 [0m0.418 ms - -[0m
Service ID 20842
[0mGET /pid [36m304 [0m0.416 ms - -[0m
Service ID 20842
[0mGET /pid [36m304 [0m0.424 ms - -[0m
Service ID 20842
[0mGET /pid [36m304 [0m0.417 ms - -[0m
Service ID 20842
[0mGET /pid [36m304 [0m0.380 ms - -[0m
Service ID 20842
[0mGET /pid [36m304 [0m0.360 ms - -[0m
Service ID 20842
[0mGET /pid [36m304 [0m0.357 ms - -[0m
Service ID 20842
[0mGET /pid [36m304 [0m0.619 ms - -[0m
Service ID 20842
[0mGET /pid [36m304 [0m0.356 ms - -[0m
Service ID 20842
[0mGET /pid [36m304 [0m0.363 ms - -[0m
Service ID 20842
[0mGET /pid [36m304 [0m0.354 ms - -[0m
Service ID 20842
[0mGET /pid [36m304 [0m0.398 ms - -[0m
Service ID 20842
[0mGET /pid [36m304 [0m0.379 ms - -[0m
Service ID 20842
[0mGET /pid [36m304 [0m0.626 ms - -[0m
Service ID 20842
[0mGET /pid [36m304 [0m0.429 ms - -[0m
Service ID 20842
[0mGET /pid [36m304 [0m0.468 ms - -[0m
Service ID 20842
[0mGET /pid [36m304 [0m0.405 ms - -[0m
Service ID 20842
[0mGET /pid [36m304 [0m0.387 ms - -[0m
Service ID 20842
[0mGET /pid [36m304 [0m0.407 ms - -[0m
Service ID 20842
[0mGET /pid [36m304 [0m0.779 ms - -[0m
ID 20842
[0mGET / [36m304 [0m0.744 ms - -[0m
[0mGET /javascripts/angularApp.js [36m304 [0m0.361 ms - -[0m
ID 20831
[0mGET / [36m304 [0m12.187 ms - -[0m
[0mGET /javascripts/angularApp.js [36m304 [0m2.867 ms - -[0m
[0mGET /favicon.ico [33m404 [0m4.480 ms - 1176[0m
ID 20842
[0mGET / [32m200 [0m1.842 ms - 607[0m
[0mGET /javascripts/angularApp.js [36m304 [0m0.327 ms - -[0m
[0mGET /favicon.ico [33m404 [0m1.059 ms - 1176[0m
ID 20842
[0mGET / [36m304 [0m0.637 ms - -[0m
[0mGET /javascripts/angularApp.js [36m304 [0m0.318 ms - -[0m
ID 20842
[0mGET / [36m304 [0m0.650 ms - -[0m
[0mGET /javascripts/angularApp.js [36m304 [0m0.281 ms - -[0m
ID 20842
[0mGET / [36m304 [0m0.689 ms - -[0m
[0mGET /javascripts/angularApp.js [36m304 [0m0.311 ms - -[0m
Service ID 20832
[0mGET /pid [32m200 [0m3.661 ms - 31[0m
Service ID 20832
[0mGET /pid [36m304 [0m0.522 ms - -[0m
Service ID 20832
[0mGET /pid [36m304 [0m0.787 ms - -[0m
Service ID 20832
[0mGET /pid [36m304 [0m1.942 ms - -[0m
Service ID 20832
[0mGET /pid [36m304 [0m1.707 ms - -[0m
Service ID 20832
[0mGET /pid [36m304 [0m0.362 ms - -[0m
Service ID 20832
[0mGET /pid [36m304 [0m0.332 ms - -[0m
Service ID 20832
[0mGET /pid [36m304 [0m0.868 ms - -[0m
Service ID 20832
[0mGET /pid [36m304 [0m0.536 ms - -[0m
Service ID 20832
[0mGET /pid [36m304 [0m0.500 ms - -[0m
Service ID 20832
[0mGET /pid [36m304 [0m0.407 ms - -[0m
Service ID 20832
[0mGET /pid [36m304 [0m0.746 ms - -[0m
Service ID 20832
[0mGET /pid [36m304 [0m0.768 ms - -[0m
Service ID 20832
[0mGET /pid [36m304 [0m0.574 ms - -[0m
Service ID 20832
[0mGET /pid [36m304 [0m0.296 ms - -[0m
Service ID 20832
[0mGET /pid [36m304 [0m0.393 ms - -[0m
Service ID 20832
[0mGET /pid [36m304 [0m0.598 ms - -[0m
Service ID 20832
[0mGET /pid [36m304 [0m0.734 ms - -[0m
Service ID 20832
[0mGET /pid [36m304 [0m0.918 ms - -[0m
Service ID 20832
[0mGET /pid [36m304 [0m0.497 ms - -[0m
Service ID 20832
[0mGET /pid [36m304 [0m0.458 ms - -[0m
Service ID 20832
[0mGET /pid [36m304 [0m0.337 ms - -[0m
Service ID 20832
[0mGET /pid [36m304 [0m2.550 ms - -[0m
Service ID 20832
[0mGET /pid [36m304 [0m1.623 ms - -[0m
Service ID 20832
[0mGET /pid [36m304 [0m0.540 ms - -[0m
Service ID 20832
[0mGET /pid [36m304 [0m0.359 ms - -[0m
Service ID 20832
[0mGET /pid [36m304 [0m2.973 ms - -[0m
Service ID 20832
[0mGET /pid [36m304 [0m0.379 ms - -[0m
Service ID 20832
[0mGET /pid [36m304 [0m0.395 ms - -[0m
Service ID 20832
[0mGET /pid [36m304 [0m0.901 ms - -[0m
Service ID 20832
[0mGET /pid [36m304 [0m1.027 ms - -[0m
Service ID 20832
[0mGET /pid [36m304 [0m0.397 ms - -[0m
Service ID 20832
[0mGET /pid [36m304 [0m0.359 ms - -[0m
Service ID 20832
[0mGET /pid [36m304 [0m0.666 ms - -[0m
Service ID 20832
[0mGET /pid [36m304 [0m0.392 ms - -[0m
Service ID 20832
[0mGET /pid [36m304 [0m0.368 ms - -[0m
Service ID 20832
[0mGET /pid [36m304 [0m0.364 ms - -[0m
Service ID 20832
[0mGET /pid [36m304 [0m0.311 ms - -[0m
Service ID 20832
[0mGET /pid [36m304 [0m0.385 ms - -[0m
Service ID 20832
[0mGET /pid [36m304 [0m0.508 ms - -[0m
Service ID 20832
[0mGET /pid [36m304 [0m0.337 ms - -[0m
Service ID 20832
[0mGET /pid [36m304 [0m1.318 ms - -[0m
Service ID 20832
[0mGET /pid [36m304 [0m0.469 ms - -[0m
Service ID 20832
[0mGET /pid [36m304 [0m0.381 ms - -[0m
Service ID 20832
[0mGET /pid [36m304 [0m0.394 ms - -[0m
Service ID 20832
[0mGET /pid [36m304 [0m0.354 ms - -[0m
Service ID 20832
[0mGET /pid [36m304 [0m0.331 ms - -[0m
Service ID 20832
[0mGET /pid [36m304 [0m0.281 ms - -[0m
Service ID 20832
[0mGET /pid [36m304 [0m0.369 ms - -[0m
Service ID 20832
[0mGET /pid [36m304 [0m0.340 ms - -[0m
Service ID 20832
[0mGET /pid [36m304 [0m0.384 ms - -[0m
Service ID 20832
[0mGET /pid [36m304 [0m0.346 ms - -[0m
Service ID 20832
[0mGET /pid [36m304 [0m0.427 ms - -[0m
Service ID 20832
[0mGET /pid [36m304 [0m0.412 ms - -[0m
Service ID 20832
[0mGET /pid [36m304 [0m0.870 ms - -[0m
Service ID 20832
[0mGET /pid [36m304 [0m0.434 ms - -[0m
Service ID 20832
[0mGET /pid [36m304 [0m0.416 ms - -[0m
Service ID 20832
[0mGET /pid [36m304 [0m1.008 ms - -[0m
Service ID 20832
[0mGET /pid [36m304 [0m0.398 ms - -[0m
Service ID 20832
[0mGET /pid [36m304 [0m3.433 ms - -[0m
Service ID 20832
[0mGET /pid [36m304 [0m0.396 ms - -[0m
Service ID 20832
[0mGET /pid [36m304 [0m0.413 ms - -[0m
Service ID 20832
[0mGET /pid [36m304 [0m0.811 ms - -[0m
Service ID 20832
[0mGET /pid [36m304 [0m0.366 ms - -[0m
Service ID 20832
[0mGET /pid [36m304 [0m0.406 ms - -[0m
Service ID 20832
[0mGET /pid [36m304 [0m0.324 ms - -[0m
Service ID 20832
[0mGET /pid [36m304 [0m0.287 ms - -[0m
Service ID 20832
[0mGET /pid [36m304 [0m0.305 ms - -[0m
Service ID 20832
[0mGET /pid [36m304 [0m0.312 ms - -[0m
Service ID 20832
[0mGET /pid [36m304 [0m1.318 ms - -[0m
Service ID 20832
[0mGET /pid [36m304 [0m0.421 ms - -[0m
Service ID 20832
[0mGET /pid [36m304 [0m0.390 ms - -[0m
Service ID 20832
[0mGET /pid [36m304 [0m0.344 ms - -[0m
Service ID 20832
[0mGET /pid [36m304 [0m0.332 ms - -[0m
Service ID 20832
[0mGET /pid [36m304 [0m0.295 ms - -[0m
Service ID 20832
[0mGET /pid [36m304 [0m0.288 ms - -[0m
Service ID 20832
[0mGET /pid [36m304 [0m0.282 ms - -[0m
Service ID 20832
[0mGET /pid [36m304 [0m0.374 ms - -[0m
Service ID 20832
[0mGET /pid [36m304 [0m0.738 ms - -[0m
Service ID 20832
[0mGET /pid [36m304 [0m0.348 ms - -[0m
Service ID 20832
[0mGET /pid [36m304 [0m0.315 ms - -[0m
Service ID 20832
[0mGET /pid [36m304 [0m0.359 ms - -[0m
Service ID 20832
[0mGET /pid [36m304 [0m0.377 ms - -[0m
Service ID 20832
[0mGET /pid [36m304 [0m0.448 ms - -[0m
Service ID 20832
[0mGET /pid [36m304 [0m0.364 ms - -[0m
Service ID 20832
[0mGET /pid [36m304 [0m0.385 ms - -[0m
Service ID 20832
[0mGET /pid [36m304 [0m0.332 ms - -[0m
Service ID 20832
[0mGET /pid [36m304 [0m0.674 ms - -[0m
Service ID 20832
[0mGET /pid [36m304 [0m0.343 ms - -[0m
Service ID 20832
[0mGET /pid [36m304 [0m0.349 ms - -[0m
Service ID 20832
[0mGET /pid [36m304 [0m0.329 ms - -[0m
Service ID 20832
[0mGET /pid [36m304 [0m0.467 ms - -[0m
Service ID 20832
[0mGET /pid [36m304 [0m0.317 ms - -[0m
Service ID 20832
[0mGET /pid [36m304 [0m1.431 ms - -[0m
Service ID 20832
[0mGET /pid [36m304 [0m0.378 ms - -[0m
Service ID 20832
[0mGET /pid [36m304 [0m0.388 ms - -[0m
Service ID 20832
[0mGET /pid [36m304 [0m0.414 ms - -[0m
Service ID 20832
[0mGET /pid [36m304 [0m0.760 ms - -[0m
Service ID 20832
[0mGET /pid [36m304 [0m0.392 ms - -[0m
Service ID 20832
[0mGET /pid [36m304 [0m0.686 ms - -[0m
ID 20842
[0mGET / [32m200 [0m0.690 ms - 607[0m
[0mGET /javascripts/angularApp.js [36m304 [0m0.300 ms - -[0m
[0mGET /favicon.ico [33m404 [0m1.810 ms - 1176[0m
Service ID 20842
[0mGET /pid [32m200 [0m0.457 ms - 31[0m
Service ID 20842
[0mGET /pid [36m304 [0m0.436 ms - -[0m
[0mGET /pids [33m404 [0m2.497 ms - 1176[0m
Service ID 20842
[0mGET /pid [36m304 [0m0.418 ms - -[0m
Service ID 20837
[0mGET /pid [32m200 [0m7.590 ms - 31[0m
Service ID 20832
[0mGET /pid [32m200 [0m0.478 ms - 31[0m
Service ID 20842
[0mGET /pid [32m200 [0m1.339 ms - 31[0m
Service ID 20831
[0mGET /pid [32m200 [0m1.239 ms - 31[0m
Service ID 20837
[0mGET /pid [32m200 [0m1.502 ms - 31[0m
Service ID 20832
[0mGET /pid [32m200 [0m1.734 ms - 31[0m
Service ID 20842
[0mGET /pid [32m200 [0m0.415 ms - 31[0m
Service ID 20831
[0mGET /pid [32m200 [0m0.424 ms - 31[0m
Service ID 20837
[0mGET /pid [32m200 [0m0.538 ms - 31[0m
Service ID 20832
[0mGET /pid [32m200 [0m0.352 ms - 31[0m
Service ID 20842
[0mGET /pid [32m200 [0m0.356 ms - 31[0m
Service ID 20831
[0mGET /pid [32m200 [0m0.348 ms - 31[0m
Service ID 20837
[0mGET /pid [32m200 [0m0.706 ms - 31[0m
Service ID 20832
[0mGET /pid [32m200 [0m0.384 ms - 31[0m
Service ID 20842
[0mGET /pid [32m200 [0m1.439 ms - 31[0m
Service ID 20831
[0mGET /pid [32m200 [0m0.478 ms - 31[0m
Service ID 20837
[0mGET /pid [32m200 [0m0.278 ms - 31[0m
Service ID 20832
[0mGET /pid [32m200 [0m0.468 ms - 31[0m
Service ID 20842
[0mGET /pid [32m200 [0m2.497 ms - 31[0m
Service ID 20831
[0mGET /pid [32m200 [0m0.286 ms - 31[0m
Service ID 20837
[0mGET /pid [32m200 [0m0.471 ms - 31[0m
Service ID 20832
[0mGET /pid [32m200 [0m0.365 ms - 31[0m
Service ID 20842
[0mGET /pid [32m200 [0m0.301 ms - 31[0m
Service ID 20831
[0mGET /pid [32m200 [0m0.284 ms - 31[0m
Service ID 20837
[0mGET /pid [32m200 [0m0.390 ms - 31[0m
Service ID 20832
[0mGET /pid [32m200 [0m0.318 ms - 31[0m
Service ID 20842
[0mGET /pid [32m200 [0m0.489 ms - 31[0m
Service ID 20831
[0mGET /pid [32m200 [0m0.310 ms - 31[0m
Service ID 20837
[0mGET /pid [32m200 [0m0.311 ms - 31[0m
Service ID 20832
[0mGET /pid [32m200 [0m1.112 ms - 31[0m
Service ID 20842
[0mGET /pid [32m200 [0m1.408 ms - 31[0m
Service ID 20831
[0mGET /pid [32m200 [0m2.002 ms - 31[0m
Service ID 20837
[0mGET /pid [32m200 [0m0.321 ms - 31[0m
Service ID 20832
[0mGET /pid [32m200 [0m0.366 ms - 31[0m
Service ID 20842
[0mGET /pid [32m200 [0m5.915 ms - 31[0m
Service ID 20831
[0mGET /pid [32m200 [0m1.436 ms - 31[0m
Service ID 20837
[0mGET /pid [32m200 [0m1.167 ms - 31[0m
Service ID 20832
[0mGET /pid [32m200 [0m0.383 ms - 31[0m
Service ID 20842
[0mGET /pid [32m200 [0m0.441 ms - 31[0m
Service ID 20831
[0mGET /pid [32m200 [0m0.527 ms - 31[0m
Service ID 20837
[0mGET /pid [32m200 [0m0.473 ms - 31[0m
Service ID 20832
[0mGET /pid [32m200 [0m1.203 ms - 31[0m
Service ID 20842
[0mGET /pid [32m200 [0m0.307 ms - 31[0m
Service ID 20831
[0mGET /pid [32m200 [0m0.478 ms - 31[0m
Service ID 20837
[0mGET /pid [32m200 [0m2.511 ms - 31[0m
Service ID 20832
[0mGET /pid [32m200 [0m0.504 ms - 31[0m
Service ID 20842
[0mGET /pid [32m200 [0m0.292 ms - 31[0m
Service ID 20831
[0mGET /pid [32m200 [0m0.828 ms - 31[0m
Service ID 20837
[0mGET /pid [32m200 [0m2.040 ms - 31[0m
Service ID 20832
[0mGET /pid [32m200 [0m0.378 ms - 31[0m
Service ID 20842
[0mGET /pid [32m200 [0m0.572 ms - 31[0m
Service ID 20831
[0mGET /pid [32m200 [0m0.292 ms - 31[0m
Service ID 20837
[0mGET /pid [32m200 [0m0.396 ms - 31[0m
Service ID 20832
[0mGET /pid [32m200 [0m0.641 ms - 31[0m
Service ID 20842
[0mGET /pid [32m200 [0m0.288 ms - 31[0m
Service ID 20831
[0mGET /pid [32m200 [0m0.909 ms - 31[0m
Service ID 20837
[0mGET /pid [32m200 [0m0.718 ms - 31[0m
Service ID 20832
[0mGET /pid [32m200 [0m0.407 ms - 31[0m
Service ID 20842
[0mGET /pid [32m200 [0m0.294 ms - 31[0m
Service ID 20831
[0mGET /pid [32m200 [0m0.394 ms - 31[0m
Service ID 20837
[0mGET /pid [32m200 [0m0.266 ms - 31[0m
Service ID 20832
[0mGET /pid [32m200 [0m0.358 ms - 31[0m
Service ID 20842
[0mGET /pid [32m200 [0m0.784 ms - 31[0m
Service ID 20831
[0mGET /pid [32m200 [0m0.270 ms - 31[0m
Service ID 20837
[0mGET /pid [32m200 [0m0.322 ms - 31[0m
Service ID 20832
[0mGET /pid [32m200 [0m0.372 ms - 31[0m
Service ID 20842
[0mGET /pid [32m200 [0m6.625 ms - 31[0m
Service ID 20831
[0mGET /pid [32m200 [0m0.407 ms - 31[0m
Service ID 20837
[0mGET /pid [32m200 [0m0.535 ms - 31[0m
Service ID 20832
[0mGET /pid [32m200 [0m3.169 ms - 31[0m
Service ID 20842
[0mGET /pid [32m200 [0m0.336 ms - 31[0m
Service ID 20831
[0mGET /pid [32m200 [0m1.165 ms - 31[0m
Service ID 20837
[0mGET /pid [32m200 [0m3.226 ms - 31[0m
Service ID 20832
[0mGET /pid [32m200 [0m0.417 ms - 31[0m
Service ID 20842
[0mGET /pid [32m200 [0m0.303 ms - 31[0m
Service ID 20831
[0mGET /pid [32m200 [0m0.349 ms - 31[0m
Service ID 20837
[0mGET /pid [32m200 [0m0.285 ms - 31[0m
Service ID 20832
[0mGET /pid [32m200 [0m0.408 ms - 31[0m
Service ID 20842
[0mGET /pid [32m200 [0m4.020 ms - 31[0m
Service ID 20831
[0mGET /pid [32m200 [0m0.316 ms - 31[0m
Service ID 20837
[0mGET /pid [32m200 [0m0.373 ms - 31[0m
Service ID 20832
[0mGET /pid [32m200 [0m0.361 ms - 31[0m
Service ID 20842
[0mGET /pid [32m200 [0m0.709 ms - 31[0m
Service ID 20831
[0mGET /pid [32m200 [0m0.371 ms - 31[0m
Service ID 20837
[0mGET /pid [32m200 [0m0.324 ms - 31[0m
Service ID 20832
[0mGET /pid [32m200 [0m0.784 ms - 31[0m
Service ID 20842
[0mGET /pid [32m200 [0m0.265 ms - 31[0m
Service ID 20831
[0mGET /pid [32m200 [0m0.693 ms - 31[0m
Service ID 20837
[0mGET /pid [32m200 [0m1.414 ms - 31[0m
Service ID 20832
[0mGET /pid [32m200 [0m0.647 ms - 31[0m
Service ID 20842
[0mGET /pid [32m200 [0m0.266 ms - 31[0m
Service ID 20831
[0mGET /pid [32m200 [0m0.321 ms - 31[0m
Service ID 20837
[0mGET /pid [32m200 [0m0.316 ms - 31[0m
Service ID 20832
[0mGET /pid [32m200 [0m6.091 ms - 31[0m
Service ID 20842
[0mGET /pid [32m200 [0m0.405 ms - 31[0m
Service ID 20831
[0mGET /pid [32m200 [0m1.175 ms - 31[0m
Service ID 20837
[0mGET /pid [32m200 [0m0.370 ms - 31[0m
Service ID 20832
[0mGET /pid [32m200 [0m0.415 ms - 31[0m
Service ID 20842
[0mGET /pid [32m200 [0m0.922 ms - 31[0m
Service ID 20831
[0mGET /pid [32m200 [0m0.647 ms - 31[0m
